
Request: GET /version1/user/userregistration at Wed Jan 31 2024 15:29:32 GMT+0530, IP: ::1, User Agent: PostmanRuntime/7.36.1
Response Body:
Forbidden
Response: 403 5.554 ms 

Request: POST /version1/user/userregistration at Wed Jan 31 2024 15:29:54 GMT+0530, IP: ::1, User Agent: PostmanRuntime/7.36.1
Response Body:
{
	"success": false,
	"status": 400,
	"msg": "Requested object-type invalid",
	"epoch": 1706695194,
	"data": null
}
Response: 400 1.226 ms 

Request: POST /version1/user/userregistration at Wed Jan 31 2024 15:31:29 GMT+0530, IP: ::1, User Agent: PostmanRuntime/7.36.1
Request Body:
{
	"first_name": "denny",
	"last_name": "daniel",
	"email": "daniel@gmail.com",
	"confirm_password": "123456",
	"password": "123456"
}
Response Body:
{
	"success": false,
	"status": 404,
	"msg": "Oops, there was a hiccup.",
	"epoch": 1706695289,
	"data": null
}
Response: 500 329.816 ms 

Request: POST /version1/user/userregistration at Wed Jan 31 2024 15:33:30 GMT+0530, IP: ::1, User Agent: PostmanRuntime/7.36.1
Request Body:
{
	"first_name": "denny",
	"last_name": "daniel",
	"email": "daniel@gmail.com",
	"confirm_password": "123456",
	"password": "123456"
}
Response Body:
{
	"success": false,
	"status": 404,
	"msg": "Oops, there was a hiccup.",
	"epoch": 1706695410,
	"data": null
}
Response: 200 199.828 ms 

Request: POST /version1/user/userregistration at Wed Jan 31 2024 15:33:35 GMT+0530, IP: ::1, User Agent: PostmanRuntime/7.36.1
Request Body:
{
	"first_name": "denny",
	"last_name": "daniel",
	"email": "daniel@gmail.com",
	"confirm_password": "123456"
}
Response Body:
{
	"success": false,
	"status": 422,
	"msg": "Invalid value",
	"epoch": 1706695415,
	"data": null
}
Response: 200 2.776 ms 

Request: POST /version1/user/userregistration at Wed Jan 31 2024 15:33:42 GMT+0530, IP: ::1, User Agent: PostmanRuntime/7.36.1
Request Body:
{
	"first_name": "denny",
	"last_name": "daniel",
	"email": "daniel@gmail.com",
	"confirm_password": "123456",
	"password": 1
}
Response Body:
{
	"success": false,
	"status": 422,
	"msg": "password required!",
	"epoch": 1706695421,
	"data": null
}
Response: 200 2.952 ms 

Request: POST /version1/user/userregistration at Wed Jan 31 2024 15:36:10 GMT+0530, IP: ::1, User Agent: PostmanRuntime/7.36.1
Request Body:
{
	"first_name": "denny",
	"last_name": "daniel",
	"email": "daniel@gmail.com",
	"confirm_password": "123456",
	"password": "123456"
}
Response Body:
{
	"success": false,
	"status": 404,
	"msg": "Oops, there was a hiccup.",
	"epoch": 1706695570,
	"data": null
}
Response: 200 183.432 ms 

Request: POST /version1/user/userregistration at Wed Jan 31 2024 15:37:38 GMT+0530, IP: ::1, User Agent: PostmanRuntime/7.36.1
Request Body:
{
	"first_name": "denny",
	"last_name": "daniel",
	"email": "daniel@gmail.com",
	"confirm_password": "123456",
	"password": "123456"
}
Response: - - ms 

Request: POST /version1/user/userregistration at Wed Jan 31 2024 15:39:13 GMT+0530, IP: ::1, User Agent: PostmanRuntime/7.36.1
Request Body:
{
	"first_name": "john",
	"last_name": "doe",
	"email": "john.doe@example.com",
	"confirm_password": "123456",
	"password": "123456"
}
Response: - - ms 

Request: POST /version1/user/userregistration at Wed Jan 31 2024 15:39:13 GMT+0530, IP: ::1, User Agent: PostmanRuntime/7.36.1
Request Body:
{
	"first_name": "john",
	"last_name": "doe",
	"email": "johnz.doe@example.com",
	"confirm_password": "123456",
	"password": "123456"
}
Response Body:
{
	"success": false,
	"status": 404,
	"msg": "Oops, there was a hiccup.",
	"epoch": 1706695753,
	"data": null
}
Response: 200 29.083 ms 

Request: POST /version1/user/userregistration at Wed Jan 31 2024 15:39:31 GMT+0530, IP: ::1, User Agent: PostmanRuntime/7.36.1
Request Body:
{
	"first_name": "john",
	"last_name": "doe",
	"email": "johnz.doe@example.com",
	"confirm_password": "123456",
	"password": "123456"
}
Response: - - ms 

Request: POST /version1/user/userregistration at Wed Jan 31 2024 15:40:32 GMT+0530, IP: ::1, User Agent: PostmanRuntime/7.36.1
Request Body:
{
	"first_name": "john",
	"last_name": "doe",
	"email": "john.doe@example.com",
	"confirm_password": "123456",
	"password": "123456"
}
Response Body:
{
	"success": false,
	"status": 200,
	"msg": "Email already registered.",
	"epoch": 1706695832,
	"data": null
}
Response: 200 183.401 ms 

Request: POST /version1/user/userregistration at Wed Jan 31 2024 15:43:58 GMT+0530, IP: ::1, User Agent: PostmanRuntime/7.36.1
Request Body:
{
	"first_name": "dassy",
	"last_name": "doe",
	"email": "dassy.doe@example.com",
	"confirm_password": "123456",
	"password": "123456"
}
Response: - - ms 

Request: POST /version1/user/userregistration at Wed Jan 31 2024 15:43:59 GMT+0530, IP: ::1, User Agent: PostmanRuntime/7.36.1
Request Body:
{
	"first_name": "dassy",
	"last_name": "doe",
	"email": "dassy.doe@example.com",
	"confirm_password": "1234s56",
	"password": "123456"
}
Response Body:
{
	"success": false,
	"status": 409,
	"msg": "password and confirm password should be same.",
	"epoch": 1706696039,
	"data": null
}
Response: 200 28.426 ms 

Request: POST /version1/user/userregistration at Wed Jan 31 2024 15:50:40 GMT+0530, IP: ::1, User Agent: PostmanRuntime/7.36.1
Request Body:
{
	"first_name": "dassy",
	"last_name": "doe",
	"email": "dassy.doe@example.com",
	"confirm_password": "123456",
	"password": "8d969eef6ecad3c29a3a629280e686cf0c3f5d5a86aff3ca12020c923adc6c92"
}
Response Body:
{
	"success": false,
	"status": 404,
	"msg": "Oops, there was a hiccup.",
	"epoch": 1706696440,
	"data": null
}
Response: 200 353.953 ms 

Request: POST /version1/user/userregistration at Wed Jan 31 2024 15:50:53 GMT+0530, IP: ::1, User Agent: PostmanRuntime/7.36.1
Request Body:
{
	"first_name": "dassy",
	"last_name": "doe",
	"email": "dassy.doe@example.com",
	"confirm_password": "123456",
	"password": "8d969eef6ecad3c29a3a629280e686cf0c3f5d5a86aff3ca12020c923adc6c92"
}
Response Body:
{
	"success": false,
	"status": 404,
	"msg": "Oops, there was a hiccup.",
	"epoch": 1706696453,
	"data": null
}
Response: 200 219.971 ms 

Request: POST /version1/user/userregistration at Wed Jan 31 2024 15:53:49 GMT+0530, IP: ::1, User Agent: PostmanRuntime/7.36.1
Request Body:
{
	"first_name": "dassy",
	"last_name": "doe",
	"email": "dassy.doe@example.com",
	"confirm_password": "123456",
	"password": "8d969eef6ecad3c29a3a629280e686cf0c3f5d5a86aff3ca12020c923adc6c92"
}
Response Body:
{
	"success": false,
	"status": 400,
	"msg": "Unable to register.Try again",
	"epoch": 1706696629,
	"data": null
}
Response: 200 303.853 ms 

Request: POST /version1/user/userregistration at Wed Jan 31 2024 15:54:10 GMT+0530, IP: ::1, User Agent: PostmanRuntime/7.36.1
Request Body:
{
	"first_name": "dassy",
	"last_name": "doe",
	"email": "dassy.doe@example.com",
	"confirm_password": "123456",
	"password": "123456"
}
Response Body:
{
	"success": false,
	"status": 208,
	"msg": "Email already registered.",
	"epoch": 1706696650,
	"data": null
}
Response: 200 38.280 ms 

Request: POST /version1/user/userregistration at Wed Jan 31 2024 15:54:34 GMT+0530, IP: ::1, User Agent: PostmanRuntime/7.36.1
Request Body:
{
	"first_name": "dassy",
	"last_name": "doe",
	"email": "dassy.doe@example.",
	"confirm_password": "123456",
	"password": "123456"
}
Response Body:
{
	"success": false,
	"status": 422,
	"msg": "invalid email format!",
	"epoch": 1706696674,
	"data": null
}
Response: 200 2.019 ms 

Request: POST /version1/user/userregistration at Wed Jan 31 2024 15:54:38 GMT+0530, IP: ::1, User Agent: PostmanRuntime/7.36.1
Request Body:
{
	"first_name": "dassy",
	"last_name": "doe",
	"email": "dassy.doe@example.in",
	"confirm_password": "123456",
	"password": "8d969eef6ecad3c29a3a629280e686cf0c3f5d5a86aff3ca12020c923adc6c92"
}
Response Body:
{
	"success": false,
	"status": 404,
	"msg": "Oops, there was a hiccup.",
	"epoch": 1706696678,
	"data": null
}
Response: 200 70.775 ms 

Request: POST /version1/user/userregistration at Wed Jan 31 2024 15:55:51 GMT+0530, IP: ::1, User Agent: PostmanRuntime/7.36.1
Request Body:
{
	"first_name": "dassy",
	"last_name": "doe",
	"email": "dassy.doe@example.in",
	"confirm_password": "123456",
	"password": "8d969eef6ecad3c29a3a629280e686cf0c3f5d5a86aff3ca12020c923adc6c92"
}
Response Body:
{
	"success": true,
	"status": 200,
	"msg": "Registration successfull",
	"epoch": 1706696751,
	"data": null
}
Response: 200 75.833 ms 

Request: POST /version1/user/apploginwithemail at Wed Jan 31 2024 16:29:45 GMT+0530, IP: ::1, User Agent: PostmanRuntime/7.36.1
Request Body:
{
	"first_name": "dassy",
	"last_name": "doe",
	"email": "dassy.doe@example.com",
	"confirm_password": "123456",
	"password": "123456"
}
Response Body:
{
	"success": false,
	"status": 406,
	"msg": "Please registered before login",
	"epoch": 1706698785,
	"data": null
}
Response: 200 219.362 ms 

Request: POST /version1/user/apploginwithemail at Wed Jan 31 2024 16:30:17 GMT+0530, IP: ::1, User Agent: PostmanRuntime/7.36.1
Request Body:
{
	"email": "dassy.doe@example.com",
	"password": "123456"
}
Response Body:
{
	"success": false,
	"status": 406,
	"msg": "Please registered before login",
	"epoch": 1706698817,
	"data": null
}
Response: 200 25.326 ms 

Request: POST /version1/user/apploginwithemail at Wed Jan 31 2024 16:30:32 GMT+0530, IP: ::1, User Agent: PostmanRuntime/7.36.1
Request Body:
{
	"email": "dassy.doe@example.in",
	"password": "123456"
}
Response Body:
{
	"success": true,
	"status": 202,
	"msg": "Login Successful",
	"epoch": 1706698832,
	"data": {
		"id": 1,
		"email": "dassy.doe@example.in",
		"authToken": "eyJhbGciOiJIUzI1NiIsInR5cCI6IkpXVCJ9.eyJlbWFpbCI6ImRhc3N5LmRvZUBleGFtcGxlLmluIiwiaWQiOjEsImp3dElkIjoiZjNiY2ZhOTAtYzAyNy0xMWVlLThiMzEtOTFiZGRkMWQ1YjdhIiwiaWF0IjoxNzA2Njk4ODMyLCJleHAiOjE3MzgyMzQ4MzJ9.cr50kp_N9gLFQ2kJLEUuldUTXcq4Nq0mt6-D3jrFr0E"
	}
}
Response: 200 91.470 ms 

Request: POST /stepApi/user/changepassword at Wed Jan 31 2024 16:31:50 GMT+0530, IP: ::1, User Agent: PostmanRuntime/7.36.1
Request Body:
{
	"password": "Espsoft123#",
	"confirm_password": "Espsoft123#"
}
Response: 404 0.818 ms 

Request: POST /version1/user/apploginwithemail at Wed Jan 31 2024 16:32:02 GMT+0530, IP: ::1, User Agent: PostmanRuntime/7.36.1
Request Body:
{
	"email": "dassy.doe@example.in",
	"password": "123456"
}
Response Body:
{
	"success": true,
	"status": 202,
	"msg": "Login Successful",
	"epoch": 1706698922,
	"data": {
		"id": 1,
		"email": "dassy.doe@example.in",
		"authToken": "eyJhbGciOiJIUzI1NiIsInR5cCI6IkpXVCJ9.eyJlbWFpbCI6ImRhc3N5LmRvZUBleGFtcGxlLmluIiwiaWQiOjEsImp3dElkIjoiMjlkYTIwZDAtYzAyOC0xMWVlLThiMzEtOTFiZGRkMWQ1YjdhIiwiaWF0IjoxNzA2Njk4OTIyLCJleHAiOjE3MzgyMzQ5MjJ9.70yw2ppCdCSPkc8-hyqKLS-7iXHWs9i5xMO7fEmcPxA"
	}
}
Response: 200 96.950 ms 

Request: POST /stepApi/user/changepassword at Wed Jan 31 2024 16:32:27 GMT+0530, IP: ::1, User Agent: PostmanRuntime/7.36.1
Request Body:
{
	"password": "Espsoft123#",
	"confirm_password": "Espsoft123#"
}
Response: 404 0.202 ms 

Request: POST /version1/user/changepassword at Wed Jan 31 2024 16:35:50 GMT+0530, IP: ::1, User Agent: PostmanRuntime/7.36.1
Request Body:
{
	"password": "Espsoft123#",
	"confirm_password": "Espsoft123#"
}
Response Body:
Forbidden
Response: 403 4.500 ms 

Request: POST /version1/user/apploginwithemail at Wed Jan 31 2024 16:36:11 GMT+0530, IP: ::1, User Agent: PostmanRuntime/7.36.1
Request Body:
{
	"email": "dassy.doe@example.in",
	"password": "123456"
}
Response Body:
{
	"success": true,
	"status": 202,
	"msg": "Login Successful",
	"epoch": 1706699171,
	"data": {
		"id": 1,
		"email": "dassy.doe@example.in",
		"authToken": "eyJhbGciOiJIUzI1NiIsInR5cCI6IkpXVCJ9.eyJlbWFpbCI6ImRhc3N5LmRvZUBleGFtcGxlLmluIiwiaWQiOjEsImp3dElkIjoiYmUwMTg2ZTAtYzAyOC0xMWVlLWI4MGUtOWI5YzA1Y2JjYWNjIiwiaWF0IjoxNzA2Njk5MTcxLCJleHAiOjE3MzgyMzUxNzF9.5xhfRkc57huzMv5A27siH2NkYColktmGK2Jxdxs45xQ"
	}
}
Response: 200 344.636 ms 

Request: POST /version1/user/changepassword at Wed Jan 31 2024 16:36:14 GMT+0530, IP: ::1, User Agent: PostmanRuntime/7.36.1
Request Body:
{
	"password": "Espsoft123#",
	"confirm_password": "Espsoft123#"
}
Response Body:
Forbidden
Response: 403 67.488 ms 

Request: POST /version1/user/changepassword at Wed Jan 31 2024 16:36:24 GMT+0530, IP: ::1, User Agent: PostmanRuntime/7.36.1
Request Body:
{
	"password": "Espsoft123#",
	"confirm_password": "Espsoft123#"
}
Response Body:
Forbidden
Response: 403 24.639 ms 

Request: POST /version1/user/apploginwithemail at Wed Jan 31 2024 16:36:48 GMT+0530, IP: ::1, User Agent: PostmanRuntime/7.36.1
Request Body:
{
	"email": "dassy.doe@example.in",
	"password": "123456"
}
Response Body:
{
	"success": true,
	"status": 202,
	"msg": "Login Successful",
	"epoch": 1706699208,
	"data": {
		"id": 1,
		"email": "dassy.doe@example.in",
		"authToken": "eyJhbGciOiJIUzI1NiIsInR5cCI6IkpXVCJ9.eyJlbWFpbCI6ImRhc3N5LmRvZUBleGFtcGxlLmluIiwiaWQiOjEsImp3dElkIjoiZDNkNGZkODAtYzAyOC0xMWVlLWI4MGUtOWI5YzA1Y2JjYWNjIiwiaWF0IjoxNzA2Njk5MjA4LCJleHAiOjE3MzgyMzUyMDh9.ecqhZTPHRzK1sfm3reLtN_lay9jxXlu6GMa8mVZ7YQo"
	}
}
Response: 200 83.432 ms 

Request: POST /version1/user/changepassword at Wed Jan 31 2024 16:37:00 GMT+0530, IP: ::1, User Agent: PostmanRuntime/7.36.1
Request Body:
{
	"password": "Espsoft123#",
	"confirm_password": "Espsoft123#"
}
Response Body:
Forbidden
Response: 403 24.854 ms 

Request: POST /version1/user/changepassword at Wed Jan 31 2024 16:37:54 GMT+0530, IP: ::1, User Agent: PostmanRuntime/7.36.1
Request Body:
{
	"password": "Espsoft123#",
	"confirm_password": "Espsoft123#"
}
Response Body:
Forbidden
Response: 403 203.246 ms 

Request: POST /version1/user/changepassword at Wed Jan 31 2024 16:38:18 GMT+0530, IP: ::1, User Agent: PostmanRuntime/7.36.1
Request Body:
{
	"password": "Espsoft123#",
	"confirm_password": "Espsoft123#"
}
Response Body:
Forbidden
Response: 403 171.275 ms 

Request: POST /version1/user/changepassword at Wed Jan 31 2024 16:38:45 GMT+0530, IP: ::1, User Agent: PostmanRuntime/7.36.1
Request Body:
{
	"password": "Espsoft123#",
	"confirm_password": "Espsoft123#"
}
Response Body:
{
	"success": true,
	"status": 200,
	"msg": "success",
	"epoch": 1706699325,
	"data": null
}
Response: 200 234.571 ms 

Request: POST /version1/user/changepassword at Wed Jan 31 2024 16:39:45 GMT+0530, IP: ::1, User Agent: PostmanRuntime/7.36.1
Request Body:
{
	"password": "Espsoft123#",
	"confirm_password": "Espsoft123#"
}
Response Body:
{
	"success": true,
	"status": 200,
	"msg": "success",
	"epoch": 1706699385,
	"data": null
}
Response: 200 201.265 ms 

Request: POST /version1/user/changepassword at Wed Jan 31 2024 16:39:55 GMT+0530, IP: ::1, User Agent: PostmanRuntime/7.36.1
Request Body:
{
	"password": "Espsoft123#",
	"confirm_password": "Espsoft123#"
}
Response Body:
{
	"success": true,
	"status": 200,
	"msg": "success",
	"epoch": 1706699395,
	"data": null
}
Response: 200 52.968 ms 

Request: POST /version1/user/contactus at Wed Jan 31 2024 16:40:48 GMT+0530, IP: ::1, User Agent: PostmanRuntime/7.36.1
Request Body:
{
	"email": "sidhu1@gmail.com",
	"name": "_sidhu",
	"subject": "dgsdgdggg",
	"text": "qwertyuioqwertyusdfg f g gb fdeggfh",
	"phone": "15615616516",
	"imageName": "none",
	"videoName": "none",
	"mobile_type": "none",
	"mobile_detail": "none"
}
Response Body:
{
	"success": false,
	"status": 404,
	"msg": "Oops, there was a hiccup.",
	"epoch": 1706699448,
	"data": null
}
Response: 200 35.671 ms 

Request: POST /version1/user/contactus at Wed Jan 31 2024 16:41:36 GMT+0530, IP: ::1, User Agent: PostmanRuntime/7.36.1
Request Body:
{
	"email": "sidhu1@gmail.com",
	"name": "_sidhu",
	"subject": "dgsdgdggg",
	"text": "qwertyuioqwertyusdfg f g gb fdeggfh",
	"phone": "15615616516",
	"imageName": "none",
	"videoName": "none",
	"mobile_type": "none",
	"mobile_detail": "none"
}
Response Body:
{
	"success": false,
	"status": 404,
	"msg": "Oops, there was a hiccup.",
	"epoch": 1706699496,
	"data": null
}
Response: 200 383.570 ms 

Request: POST /version1/user/contactus at Wed Jan 31 2024 16:42:13 GMT+0530, IP: ::1, User Agent: PostmanRuntime/7.36.1
Request Body:
{
	"email": "sidhu1@gmail.com",
	"name": "_sidhu",
	"subject": "dgsdgdggg",
	"text": "qwertyuioqwertyusdfg f g gb fdeggfh",
	"phone": "15615616516",
	"imageName": "17066995327931.png",
	"videoName": "17066995327932.png",
	"mobile_type": "none",
	"mobile_detail": "none"
}
Response Body:
{
	"success": false,
	"status": 404,
	"msg": "Oops, there was a hiccup.",
	"epoch": 1706699533,
	"data": null
}
Response: 200 305.572 ms 

Request: POST /version1/user/contactus at Wed Jan 31 2024 16:44:09 GMT+0530, IP: ::1, User Agent: PostmanRuntime/7.36.1
Request Body:
{
	"email": "sidhu1@gmail.com",
	"name": "_sidhu",
	"subject": "dgsdgdggg",
	"text": "qwertyuioqwertyusdfg f g gb fdeggfh",
	"phone": "15615616516",
	"imageName": "17066996497933.png",
	"videoName": "17066996497934.png",
	"mobile_type": "none",
	"mobile_detail": "none"
}
Response Body:
{
	"success": true,
	"status": 200,
	"msg": "We've got your query. We'll reply shortly!",
	"epoch": 1706699649,
	"data": null
}
Response: 200 52.772 ms 

Request: POST /version1/user/contactus at Wed Jan 31 2024 16:45:49 GMT+0530, IP: ::1, User Agent: PostmanRuntime/7.36.1
Request Body:
{
	"email": "sidhu1@gmail.com",
	"name": "_sidhu",
	"subject": "dgsdgdggg",
	"text": "qwertyuioqwertyusdfg f g gb fdeggfh",
	"phone": "15615616516",
	"mobile_type": "android",
	"mobile_detail": "samsung galaxy A5",
	"imageName": "17066997496525.png",
	"videoName": "17066997496536.png"
}
Response Body:
{
	"success": true,
	"status": 200,
	"msg": "We've got your query. We'll reply shortly!",
	"epoch": 1706699749,
	"data": null
}
Response: 200 43.958 ms 

Request: GET /version1/user/userprofile at Wed Jan 31 2024 17:07:22 GMT+0530, IP: ::1, User Agent: PostmanRuntime/7.36.1
Response Body:
Forbidden
Response: 403 4.846 ms 

Request: GET /version1/user/userprofile at Wed Jan 31 2024 17:07:32 GMT+0530, IP: ::1, User Agent: PostmanRuntime/7.36.1
Response Body:
{
	"success": true,
	"status": 200,
	"msg": "Success",
	"epoch": 1706701052,
	"data": {
		"id": 1,
		"first_name": "dassy",
		"last_name": "doe",
		"bio": null,
		"email": "dassy.doe@example.in",
		"password": "6439a7c80eecb523947f94e5c4070b9b83b6d3686176192128622858058e053b",
		"profile_pic": "defaultProfile.png",
		"jwt_id": "d3d4fd80-c028-11ee-b80e-9b9c05cbcacc",
		"created_at": "2024-01-31T04:55:51.000Z"
	}
}
Response: 200 259.246 ms 

Request: GET /version1/user/userprofile at Wed Jan 31 2024 17:10:09 GMT+0530, IP: ::1, User Agent: PostmanRuntime/7.36.1
Response Body:
{
	"success": true,
	"status": 200,
	"msg": "Success",
	"epoch": 1706701209,
	"data": {
		"id": 1,
		"first_name": "dassy",
		"last_name": "doe",
		"bio": null,
		"email": "dassy.doe@example.in",
		"password": "6439a7c80eecb523947f94e5c4070b9b83b6d3686176192128622858058e053b",
		"profile_pic": "defaultProfile.png",
		"jwt_id": "d3d4fd80-c028-11ee-b80e-9b9c05cbcacc",
		"created_at": "2024-01-31T04:55:51.000Z"
	}
}
Response: 200 286.794 ms 

Request: GET /version1/user/userprofile at Wed Jan 31 2024 17:10:24 GMT+0530, IP: ::1, User Agent: PostmanRuntime/7.36.1
Response Body:
{
	"success": true,
	"status": 200,
	"msg": "Success",
	"epoch": 1706701224,
	"data": {
		"id": 1,
		"first_name": "dassy",
		"last_name": "doe",
		"bio": null,
		"email": "dassy.doe@example.in",
		"password": "6439a7c80eecb523947f94e5c4070b9b83b6d3686176192128622858058e053b",
		"profile_pic": "defaultProfile.png",
		"jwt_id": "d3d4fd80-c028-11ee-b80e-9b9c05cbcacc",
		"created_at": "2024-01-31T04:55:51.000Z"
	}
}
Response: 200 257.023 ms 

Request: GET /version1/user/userprofile at Wed Jan 31 2024 17:10:46 GMT+0530, IP: ::1, User Agent: PostmanRuntime/7.36.1
Response Body:
{
	"success": true,
	"status": 200,
	"msg": "Success",
	"epoch": 1706701246,
	"data": {
		"id": 1,
		"first_name": "dassy",
		"last_name": "doe",
		"bio": null,
		"email": "dassy.doe@example.in",
		"password": "6439a7c80eecb523947f94e5c4070b9b83b6d3686176192128622858058e053b",
		"profile_pic": "https://www.espsofttechnologies.com/media/undefined",
		"jwt_id": "d3d4fd80-c028-11ee-b80e-9b9c05cbcacc",
		"created_at": "2024-01-31T04:55:51.000Z"
	}
}
Response: 200 224.721 ms 

Request: GET /version1/user/userprofile at Wed Jan 31 2024 17:11:01 GMT+0530, IP: ::1, User Agent: PostmanRuntime/7.36.1
Response Body:
{
	"success": true,
	"status": 200,
	"msg": "Success",
	"epoch": 1706701261,
	"data": {
		"id": 1,
		"first_name": "dassy",
		"last_name": "doe",
		"bio": null,
		"email": "dassy.doe@example.in",
		"password": "6439a7c80eecb523947f94e5c4070b9b83b6d3686176192128622858058e053b",
		"profile_pic": "https://www.espsofttechnologies.com/media/defaultProfile.png",
		"jwt_id": "d3d4fd80-c028-11ee-b80e-9b9c05cbcacc",
		"created_at": "2024-01-31T04:55:51.000Z"
	}
}
Response: 200 286.330 ms 

Request: GET /version1/user/stopapplicationflag at Wed Jan 31 2024 17:12:16 GMT+0530, IP: ::1, User Agent: PostmanRuntime/7.36.1
Response Body:
{
	"success": false,
	"status": 204,
	"msg": "Application is stop by admin",
	"epoch": 1706701336,
	"data": null
}
Response: 200 4.843 ms 

Request: POST /version1/user/changepassword at Wed Jan 31 2024 17:19:51 GMT+0530, IP: ::1, User Agent: PostmanRuntime/7.36.1
Request Body:
{
	"password": "123456",
	"confirm_password": "123456"
}
Response Body:
{
	"success": true,
	"status": 200,
	"msg": "success",
	"epoch": 1706701791,
	"data": null
}
Response: 200 293.891 ms 

Request: POST /version1/authadmin/adminlogin at Wed Jan 31 2024 17:21:43 GMT+0530, IP: ::1, User Agent: PostmanRuntime/7.36.1
Request Body:
{
	"username": "admin",
	"password": "123456"
}
Response Body:
Forbidden
Response: 403 2.929 ms 

Request: POST /version1/authadmin/adminlogin at Wed Jan 31 2024 17:22:18 GMT+0530, IP: ::1, User Agent: PostmanRuntime/7.36.1
Request Body:
{
	"username": "admin",
	"password": "123456"
}
Response Body:
{
	"success": false,
	"status": 404,
	"msg": "Oops, there was a hiccup.",
	"epoch": 1706701938,
	"data": null
}
Response: 200 374.120 ms 

Request: POST /version1/authadmin/adminlogin at Wed Jan 31 2024 17:22:56 GMT+0530, IP: ::1, User Agent: PostmanRuntime/7.36.1
Request Body:
{
	"username": "admin",
	"password": "123456"
}
Response Body:
{
	"success": false,
	"status": 404,
	"msg": "Oops, there was a hiccup.",
	"epoch": 1706701976,
	"data": null
}
Response: 200 220.639 ms 

Request: POST /version1/authadmin/adminlogin at Wed Jan 31 2024 17:23:37 GMT+0530, IP: ::1, User Agent: PostmanRuntime/7.36.1
Request Body:
{
	"username": "admin",
	"password": "123456"
}
Response Body:
{
	"success": false,
	"status": 404,
	"msg": "Oops, there was a hiccup.",
	"epoch": 1706702017,
	"data": null
}
Response: 200 222.127 ms 

Request: POST /version1/authadmin/adminlogin at Wed Jan 31 2024 17:25:18 GMT+0530, IP: ::1, User Agent: PostmanRuntime/7.36.1
Request Body:
{
	"username": "admin",
	"password": "123456"
}
Response Body:
{
	"success": false,
	"status": 404,
	"msg": "Oops, there was a hiccup.",
	"epoch": 1706702118,
	"data": null
}
Response: 200 275.021 ms 

Request: POST /version1/authadmin/adminlogin at Wed Jan 31 2024 17:26:04 GMT+0530, IP: ::1, User Agent: PostmanRuntime/7.36.1
Request Body:
{
	"username": "admin",
	"password": "123456"
}
Response Body:
{
	"success": false,
	"status": 200,
	"msg": "Login Successfully",
	"epoch": 1706702164,
	"data": {
		"id": 1,
		"username": "admin",
		"authToken": "eyJhbGciOiJIUzI1NiIsInR5cCI6IkpXVCJ9.eyJlbWFpbCI6ImFkbWluIiwiaWQiOjEsInJvbGUiOiJjcGFkbWluIiwiaWF0IjoxNzA2NzAyMTY0LCJleHAiOjE3MDY3ODg1NjR9.N2zYB0-zX7x2sGSvXL20e3CSX8m3I8b2gtHdCPVvgqo",
		"role": "0"
	}
}
Response: 200 397.581 ms 

Request: POST /version1/authadmin/adminlogin at Wed Jan 31 2024 17:26:18 GMT+0530, IP: ::1, User Agent: PostmanRuntime/7.36.1
Request Body:
{
	"username": "admin",
	"password": "123456"
}
Response Body:
{
	"success": false,
	"status": 200,
	"msg": "Login Successfully",
	"epoch": 1706702178,
	"data": {
		"id": 1,
		"username": "admin",
		"authToken": "eyJhbGciOiJIUzI1NiIsInR5cCI6IkpXVCJ9.eyJlbWFpbCI6ImFkbWluIiwiaWQiOjEsInJvbGUiOiJjcGFkbWluIiwiaWF0IjoxNzA2NzAyMTc3LCJleHAiOjE3MDY3ODg1Nzd9.qdKn0e6zKPMVELbo10YJY6UsA_zLV5ALCwa2xGUqV20",
		"role": "1"
	}
}
Response: 200 75.856 ms 

Request: POST /version1/authadmin/adminlogin at Wed Jan 31 2024 17:27:14 GMT+0530, IP: ::1, User Agent: PostmanRuntime/7.36.1
Request Body:
{
	"username": "admin",
	"password": "123456"
}
Response Body:
{
	"success": false,
	"status": 200,
	"msg": "Login Successfully",
	"epoch": 1706702234,
	"data": {
		"id": 1,
		"username": "admin",
		"authToken": "eyJhbGciOiJIUzI1NiIsInR5cCI6IkpXVCJ9.eyJlbWFpbCI6ImFkbWluIiwiaWQiOjEsInJvbGUiOiJjcGFkbWluIiwiaWF0IjoxNzA2NzAyMjM0LCJleHAiOjE3MDY3ODg2MzR9._wie6sseto-MmVi8ClohNm9akND3dmrnMxczMABlfzo",
		"role": "1"
	}
}
Response: 200 263.479 ms 

Request: GET /version1/authadmin/getloginactivities at Wed Jan 31 2024 17:30:39 GMT+0530, IP: ::1, User Agent: PostmanRuntime/7.36.1
Response Body:
Forbidden
Response: 403 7.719 ms 

Request: POST /version1/authadmin/adminlogin at Wed Jan 31 2024 17:31:13 GMT+0530, IP: ::1, User Agent: PostmanRuntime/7.36.1
Request Body:
{
	"username": "admin",
	"password": "123456"
}
Response Body:
{
	"success": false,
	"status": 200,
	"msg": "Login Successfully",
	"epoch": 1706702473,
	"data": {
		"id": 1,
		"username": "admin",
		"authToken": "eyJhbGciOiJIUzI1NiIsInR5cCI6IkpXVCJ9.eyJlbWFpbCI6ImFkbWluIiwiaWQiOjEsInJvbGUiOiJjcGFkbWluIiwiaWF0IjoxNzA2NzAyNDczLCJleHAiOjE3MDY3ODg4NzN9.DBjryD0UbcFh-o_IYFdkPlDAGOX-NDUaRRZGJx1F9Cs",
		"role": "1"
	}
}
Response: 200 307.029 ms 

Request: GET /version1/authadmin/getloginactivities at Wed Jan 31 2024 17:31:23 GMT+0530, IP: ::1, User Agent: PostmanRuntime/7.36.1
Response Body:
{
	"success": false,
	"status": 404,
	"msg": "Oops, there was a hiccup.",
	"epoch": 1706702483,
	"data": null
}
Response: 200 3.419 ms 

Request: GET /version1/authadmin/getloginactivities at Wed Jan 31 2024 17:31:44 GMT+0530, IP: ::1, User Agent: PostmanRuntime/7.36.1
Response Body:
{
	"success": false,
	"status": 404,
	"msg": "Oops, there was a hiccup.",
	"epoch": 1706702504,
	"data": null
}
Response: 200 8.465 ms 

Request: GET /version1/authadmin/getloginactivities at Wed Jan 31 2024 17:32:01 GMT+0530, IP: ::1, User Agent: PostmanRuntime/7.36.1
Response Body:
{
	"success": true,
	"status": 200,
	"msg": "Success",
	"epoch": 1706702521,
	"data": [
		{
			"id": 1,
			"activity_type": "Login",
			"user_id": 1,
			"ip": "::1",
			"created_at": "2024-01-31T05:30:32.000Z"
		},
		{
			"id": 2,
			"activity_type": "Login",
			"user_id": 1,
			"ip": "::1",
			"created_at": "2024-01-31T05:32:02.000Z"
		},
		{
			"id": 3,
			"activity_type": "Login",
			"user_id": 1,
			"ip": "::1",
			"created_at": "2024-01-31T05:36:11.000Z"
		},
		{
			"id": 4,
			"activity_type": "Login",
			"user_id": 1,
			"ip": "::1",
			"created_at": "2024-01-31T05:36:48.000Z"
		},
		{
			"id": 5,
			"activity_type": "Login",
			"user_id": 1,
			"ip": "::1",
			"created_at": "2024-01-31T06:26:04.000Z"
		},
		{
			"id": 6,
			"activity_type": "Login",
			"user_id": 1,
			"ip": "::1",
			"created_at": "2024-01-31T06:26:18.000Z"
		},
		{
			"id": 7,
			"activity_type": "Admin Login",
			"user_id": 1,
			"ip": "::1",
			"created_at": "2024-01-31T06:27:14.000Z"
		},
		{
			"id": 8,
	
...
Response: 200 181.425 ms 

Request: GET /version1/authadmin/getloginactivities at Wed Jan 31 2024 17:32:15 GMT+0530, IP: ::1, User Agent: PostmanRuntime/7.36.1
Response Body:
{
	"success": true,
	"status": 200,
	"msg": "Success",
	"epoch": 1706702535,
	"data": [
		{
			"id": 8,
			"activity_type": "Admin Login",
			"user_id": 1,
			"ip": "::1",
			"created_at": "2024-01-31T06:31:13.000Z"
		},
		{
			"id": 7,
			"activity_type": "Admin Login",
			"user_id": 1,
			"ip": "::1",
			"created_at": "2024-01-31T06:27:14.000Z"
		},
		{
			"id": 6,
			"activity_type": "Login",
			"user_id": 1,
			"ip": "::1",
			"created_at": "2024-01-31T06:26:18.000Z"
		},
		{
			"id": 5,
			"activity_type": "Login",
			"user_id": 1,
			"ip": "::1",
			"created_at": "2024-01-31T06:26:04.000Z"
		},
		{
			"id": 4,
			"activity_type": "Login",
			"user_id": 1,
			"ip": "::1",
			"created_at": "2024-01-31T05:36:48.000Z"
		},
		{
			"id": 3,
			"activity_type": "Login",
			"user_id": 1,
			"ip": "::1",
			"created_at": "2024-01-31T05:36:11.000Z"
		},
		{
			"id": 2,
			"activity_type": "Login",
			"user_id": 1,
			"ip": "::1",
			"created_at": "2024-01-31T05:32:02.000Z"
		},
		{
			"id"
...
Response: 200 169.548 ms 

Request: GET /version1/authadmin/getallusers at Wed Jan 31 2024 18:21:36 GMT+0530, IP: ::1, User Agent: PostmanRuntime/7.36.1
Response Body:
{
	"success": true,
	"status": 200,
	"msg": "Success",
	"epoch": 1706705496,
	"data": [
		{
			"id": 1,
			"first_name": "dassy",
			"last_name": "doe",
			"bio": null,
			"email": "dassy.doe@example.in",
			"password": "8d969eef6ecad3c29a3a629280e686cf0c3f5d5a86aff3ca12020c923adc6c92",
			"profile_pic": "defaultProfile.png",
			"jwt_id": "d3d4fd80-c028-11ee-b80e-9b9c05cbcacc",
			"created_at": "2024-01-31T04:55:51.000Z"
		}
	]
}
Response: 200 425.875 ms 

Request: GET /version1/authadmin/getallusers at Wed Jan 31 2024 18:22:05 GMT+0530, IP: ::1, User Agent: PostmanRuntime/7.36.1
Response Body:
{
	"success": true,
	"status": 200,
	"msg": "Success",
	"epoch": 1706705525,
	"data": [
		{
			"id": 1,
			"first_name": "dassy",
			"last_name": "doe",
			"bio": null,
			"email": "dassy.doe@example.in",
			"password": "8d969eef6ecad3c29a3a629280e686cf0c3f5d5a86aff3ca12020c923adc6c92",
			"profile_pic": "defaultProfile.png",
			"jwt_id": "d3d4fd80-c028-11ee-b80e-9b9c05cbcacc",
			"created_at": "2024-01-31T04:55:51.000Z"
		}
	]
}
Response: 200 38.299 ms 

Request: POST /version1/user/userregistration at Wed Jan 31 2024 18:37:17 GMT+0530, IP: ::1, User Agent: PostmanRuntime/7.36.1
Request Body:
{
	"first_name": "dassy",
	"last_name": "doe",
	"email": "dassy.doe@example.in",
	"confirm_password": "123456",
	"password": "123456"
}
Response Body:
{
	"success": false,
	"status": 208,
	"msg": "Email already registered.",
	"epoch": 1706706437,
	"data": null
}
Response: 200 43.375 ms 

Request: POST /version1/user/userregistration at Wed Jan 31 2024 18:37:35 GMT+0530, IP: ::1, User Agent: PostmanRuntime/7.36.1
Request Body:
{
	"first_name": "john",
	"last_name": "doe",
	"email": "john.doe@example.in",
	"confirm_password": "123456",
	"password": "8d969eef6ecad3c29a3a629280e686cf0c3f5d5a86aff3ca12020c923adc6c92"
}
Response Body:
{
	"success": true,
	"status": 200,
	"msg": "Registration successfull",
	"epoch": 1706706455,
	"data": null
}
Response: 200 80.963 ms 

Request: GET /version1/authadmin/getallusers at Wed Jan 31 2024 18:37:40 GMT+0530, IP: ::1, User Agent: PostmanRuntime/7.36.1
Response Body:
{
	"success": true,
	"status": 200,
	"msg": "Success",
	"epoch": 1706706460,
	"data": [
		{
			"id": 2,
			"first_name": "john",
			"last_name": "doe",
			"bio": null,
			"email": "john.doe@example.in",
			"password": "8d969eef6ecad3c29a3a629280e686cf0c3f5d5a86aff3ca12020c923adc6c92",
			"profile_pic": "defaultProfile.png",
			"jwt_id": null,
			"created_at": "2024-01-31T07:37:35.000Z"
		},
		{
			"id": 1,
			"first_name": "dassy",
			"last_name": "doe",
			"bio": null,
			"email": "dassy.doe@example.in",
			"password": "8d969eef6ecad3c29a3a629280e686cf0c3f5d5a86aff3ca12020c923adc6c92",
			"profile_pic": "defaultProfile.png",
			"jwt_id": "d3d4fd80-c028-11ee-b80e-9b9c05cbcacc",
			"created_at": "2024-01-31T04:55:51.000Z"
		}
	]
}
Response: 200 37.410 ms 

Request: GET /version1/user/getuserprofile at Wed Jan 31 2024 18:38:24 GMT+0530, IP: ::1, User Agent: PostmanRuntime/7.36.1
Response Body:
{
	"success": true,
	"status": 200,
	"msg": "Success",
	"epoch": 1706706504,
	"data": {
		"id": 1,
		"first_name": "dassy",
		"last_name": "doe",
		"bio": null,
		"email": "dassy.doe@example.in",
		"password": "8d969eef6ecad3c29a3a629280e686cf0c3f5d5a86aff3ca12020c923adc6c92",
		"profile_pic": "https://www.espsofttechnologies.com/media/defaultProfile.png",
		"jwt_id": "d3d4fd80-c028-11ee-b80e-9b9c05cbcacc",
		"created_at": "2024-01-31T04:55:51.000Z"
	}
}
Response: 200 336.806 ms 

Request: POST /version1/user/weblogin at Wed Jan 31 2024 18:43:39 GMT+0530, IP: ::1, User Agent: PostmanRuntime/7.36.1
Request Body:
{
	"address": "0xd828350c700e65a969d4040fcdc9c5239a84931b",
	"signature": "0xacdc37f6a619a53ee9e592654cfaf4780c75dc646419470cf129132115d95ef06048e87599b94df7aefe29c81febfbf7ce1097acd5fa1abb990929b82ea9d58c1c"
}
Response Body:
{
	"success": false,
	"status": 200,
	"msg": "Please register before login.",
	"epoch": 1706706819,
	"data": null
}
Response: 200 301.790 ms 

Request: GET /version1/authadmin/getallusers at Thu Feb 01 2024 12:52:21 GMT+0530, IP: ::1, User Agent: PostmanRuntime/7.36.1
Response Body:
{
	"success": false,
	"status": 304,
	"msg": "No records available",
	"epoch": 1706772141,
	"data": null
}
Response: 200 1175.925 ms 

Request: GET /version1/authadmin/getallusers at Thu Feb 01 2024 12:52:52 GMT+0530, IP: ::1, User Agent: PostmanRuntime/7.36.1
Response Body:
{
	"success": true,
	"status": 200,
	"msg": "Success",
	"epoch": 1706772172,
	"data": [
		{
			"id": 2,
			"first_name": "Jane",
			"last_name": "Smith",
			"bio": "Sed do eiusmod tempor incididunt ut labore et dolore magna aliqua.",
			"email": "jane.smith@example.com",
			"password": "securepass456",
			"profile_pic": "profile2.jpg",
			"jwt_id": "jwt456",
			"created_at": "2024-02-01T01:20:53.628Z"
		},
		{
			"id": 1,
			"first_name": "John",
			"last_name": "Doe",
			"bio": "Lorem ipsum dolor sit amet, consectetur adipiscing elit.",
			"email": "john.doe@example.com",
			"password": "password123",
			"profile_pic": "profile1.jpg",
			"jwt_id": "jwt123",
			"created_at": "2024-02-01T01:20:53.628Z"
		}
	]
}
Response: 200 1389.859 ms 

Request: POST /version1/user/userregistration at Thu Feb 01 2024 13:04:21 GMT+0530, IP: ::1, User Agent: PostmanRuntime/7.36.1
Request Body:
{
	"first_name": "john",
	"last_name": "doe",
	"email": "john.doe@example.in",
	"confirm_password": "123456",
	"password": "123456"
}
Response: - - ms 

Request: POST /version1/user/userregistration at Thu Feb 01 2024 13:11:16 GMT+0530, IP: ::1, User Agent: PostmanRuntime/7.36.1
Request Body:
{
	"first_name": "john",
	"last_name": "doe",
	"email": "john.doe@example.in",
	"confirm_password": "123456",
	"password": "123456"
}
Response: - - ms 

Request: POST /version1/user/userregistration at Thu Feb 01 2024 13:11:16 GMT+0530, IP: ::1, User Agent: PostmanRuntime/7.36.1
Request Body:
{
	"first_name": "john",
	"last_name": "doe",
	"email": "john.doe@example.com",
	"confirm_password": "123456",
	"password": "123456"
}
Response Body:
{
	"success": false,
	"status": 404,
	"msg": "Oops, there was a hiccup.",
	"epoch": 1706773276,
	"data": null
}
Response: 200 6.927 ms 

Request: POST /version1/user/userregistration at Thu Feb 01 2024 13:12:35 GMT+0530, IP: ::1, User Agent: PostmanRuntime/7.36.1
Request Body:
{
	"first_name": "john",
	"last_name": "doe",
	"email": "john.doe@example.com",
	"confirm_password": "123456",
	"password": "123456"
}
Response: - - ms 

Request: POST /version1/user/userregistration at Thu Feb 01 2024 13:12:35 GMT+0530, IP: ::1, User Agent: PostmanRuntime/7.36.1
Request Body:
{
	"first_name": "john",
	"last_name": "doe",
	"email": "john.doe@example.com",
	"confirm_password": "123456",
	"password": "123456"
}
Response Body:
{
	"success": false,
	"status": 404,
	"msg": "Oops, there was a hiccup.",
	"epoch": 1706773355,
	"data": null
}
Response: 200 8.354 ms 

Request: POST /version1/user/userregistration at Thu Feb 01 2024 13:12:36 GMT+0530, IP: ::1, User Agent: PostmanRuntime/7.36.1
Request Body:
{
	"first_name": "john",
	"last_name": "doe",
	"email": "john.doe@example.com",
	"confirm_password": "123456",
	"password": "123456"
}
Response Body:
{
	"success": false,
	"status": 404,
	"msg": "Oops, there was a hiccup.",
	"epoch": 1706773356,
	"data": null
}
Response: 200 2.419 ms 

Request: POST /version1/user/userregistration at Thu Feb 01 2024 13:12:36 GMT+0530, IP: ::1, User Agent: PostmanRuntime/7.36.1
Request Body:
{
	"first_name": "john",
	"last_name": "doe",
	"email": "john.doe@example.com",
	"confirm_password": "123456",
	"password": "123456"
}
Response Body:
{
	"success": false,
	"status": 404,
	"msg": "Oops, there was a hiccup.",
	"epoch": 1706773356,
	"data": null
}
Response: 200 1.640 ms 

Request: POST /version1/user/userregistration at Thu Feb 01 2024 13:12:38 GMT+0530, IP: ::1, User Agent: PostmanRuntime/7.36.1
Request Body:
{
	"first_name": "john",
	"last_name": "doe",
	"email": "john.doe@example.com",
	"confirm_password": "123456",
	"password": "123456"
}
Response Body:
{
	"success": false,
	"status": 404,
	"msg": "Oops, there was a hiccup.",
	"epoch": 1706773358,
	"data": null
}
Response: 200 2.061 ms 

Request: POST /version1/user/userregistration at Thu Feb 01 2024 13:12:38 GMT+0530, IP: ::1, User Agent: PostmanRuntime/7.36.1
Request Body:
{
	"first_name": "john",
	"last_name": "doe",
	"email": "john.doe@example.com",
	"confirm_password": "123456",
	"password": "123456"
}
Response Body:
{
	"success": false,
	"status": 404,
	"msg": "Oops, there was a hiccup.",
	"epoch": 1706773358,
	"data": null
}
Response: 200 1.519 ms 

Request: POST /version1/user/userregistration at Thu Feb 01 2024 13:12:39 GMT+0530, IP: ::1, User Agent: PostmanRuntime/7.36.1
Request Body:
{
	"first_name": "john",
	"last_name": "doe",
	"email": "john.doe@example.com",
	"confirm_password": "123456",
	"password": "123456"
}
Response Body:
{
	"success": false,
	"status": 404,
	"msg": "Oops, there was a hiccup.",
	"epoch": 1706773359,
	"data": null
}
Response: 200 1.489 ms 

Request: POST /version1/user/userregistration at Thu Feb 01 2024 13:13:00 GMT+0530, IP: ::1, User Agent: PostmanRuntime/7.36.1
Request Body:
{
	"first_name": "john",
	"last_name": "doe",
	"email": "john.doe@example.com",
	"confirm_password": "123456",
	"password": "123456"
}
Response: - - ms 

Request: POST /version1/user/userregistration at Thu Feb 01 2024 13:13:02 GMT+0530, IP: ::1, User Agent: PostmanRuntime/7.36.1
Request Body:
{
	"first_name": "john",
	"last_name": "doe",
	"email": "john.doe@example.com",
	"confirm_password": "123456",
	"password": "123456"
}
Response Body:
{
	"success": false,
	"status": 404,
	"msg": "Oops, there was a hiccup.",
	"epoch": 1706773382,
	"data": null
}
Response: 200 5.710 ms 

Request: POST /version1/user/userregistration at Thu Feb 01 2024 13:13:22 GMT+0530, IP: ::1, User Agent: PostmanRuntime/7.36.1
Request Body:
{
	"first_name": "john",
	"last_name": "doe",
	"email": "john.doe@example.com",
	"confirm_password": "123456",
	"password": "123456"
}
Response: - - ms 

Request: POST /version1/user/userregistration at Thu Feb 01 2024 13:13:23 GMT+0530, IP: ::1, User Agent: PostmanRuntime/7.36.1
Request Body:
{
	"first_name": "john",
	"last_name": "doe",
	"email": "john.doe@example.com",
	"confirm_password": "123456",
	"password": "123456"
}
Response Body:
{
	"success": false,
	"status": 404,
	"msg": "Oops, there was a hiccup.",
	"epoch": 1706773403,
	"data": null
}
Response: 200 5.368 ms 

Request: POST /version1/user/userregistration at Thu Feb 01 2024 13:13:37 GMT+0530, IP: ::1, User Agent: PostmanRuntime/7.36.1
Request Body:
{
	"first_name": "john",
	"last_name": "doe",
	"email": "john.doe@example.com",
	"confirm_password": "123456",
	"password": "123456"
}
Response: - - ms 

Request: POST /version1/user/userregistration at Thu Feb 01 2024 13:13:39 GMT+0530, IP: ::1, User Agent: PostmanRuntime/7.36.1
Request Body:
{
	"first_name": "john",
	"last_name": "doe",
	"email": "john.doe@example.com",
	"confirm_password": "123456",
	"password": "123456"
}
Response Body:
{
	"success": false,
	"status": 404,
	"msg": "Oops, there was a hiccup.",
	"epoch": 1706773419,
	"data": null
}
Response: 200 7.765 ms 

Request: POST /version1/user/userregistration at Thu Feb 01 2024 13:15:40 GMT+0530, IP: ::1, User Agent: PostmanRuntime/7.36.1
Request Body:
{
	"first_name": "john",
	"last_name": "doe",
	"email": "john.doe@example.com",
	"confirm_password": "123456",
	"password": "123456"
}
Response: - - ms 

Request: POST /version1/user/userregistration at Thu Feb 01 2024 13:15:43 GMT+0530, IP: ::1, User Agent: PostmanRuntime/7.36.1
Request Body:
{
	"first_name": "john",
	"last_name": "doe",
	"email": "john.doe@example.com",
	"confirm_password": "123456",
	"password": "123456"
}
Response: - - ms 

Request: POST /version1/user/userregistration at Thu Feb 01 2024 13:15:45 GMT+0530, IP: ::1, User Agent: PostmanRuntime/7.36.1
Request Body:
{
	"first_name": "john",
	"last_name": "doe",
	"email": "john.doe@example.com",
	"confirm_password": "123456",
	"password": "123456"
}
Response: - - ms 

Request: POST /version1/user/userregistration at Thu Feb 01 2024 13:16:29 GMT+0530, IP: ::1, User Agent: PostmanRuntime/7.36.1
Request Body:
{
	"first_name": "john",
	"last_name": "doe",
	"email": "john.doe@example.com",
	"confirm_password": "123456",
	"password": "123456"
}
Response Body:
{
	"success": false,
	"status": 404,
	"msg": "Oops, there was a hiccup.",
	"epoch": 1706773589,
	"data": null
}
Response: 200 13.811 ms 

Request: POST /version1/user/userregistration at Thu Feb 01 2024 13:16:30 GMT+0530, IP: ::1, User Agent: PostmanRuntime/7.36.1
Request Body:
{
	"first_name": "john",
	"last_name": "doe",
	"email": "john.doe@example.com",
	"confirm_password": "123456",
	"password": "123456"
}
Response Body:
{
	"success": false,
	"status": 404,
	"msg": "Oops, there was a hiccup.",
	"epoch": 1706773590,
	"data": null
}
Response: 200 3.002 ms 

Request: POST /version1/user/userregistration at Thu Feb 01 2024 13:16:33 GMT+0530, IP: ::1, User Agent: PostmanRuntime/7.36.1
Request Body:
{
	"first_name": "john",
	"last_name": "doe",
	"email": "john.doe@example.com",
	"confirm_password": "123456",
	"password": "123456"
}
Response Body:
{
	"success": false,
	"status": 404,
	"msg": "Oops, there was a hiccup.",
	"epoch": 1706773593,
	"data": null
}
Response: 200 1.914 ms 

Request: POST /version1/user/userregistration at Thu Feb 01 2024 13:16:33 GMT+0530, IP: ::1, User Agent: PostmanRuntime/7.36.1
Request Body:
{
	"first_name": "john",
	"last_name": "doe",
	"email": "john.doe@example.com",
	"confirm_password": "123456",
	"password": "123456"
}
Response Body:
{
	"success": false,
	"status": 404,
	"msg": "Oops, there was a hiccup.",
	"epoch": 1706773593,
	"data": null
}
Response: 200 1.562 ms 

Request: POST /version1/user/userregistration at Thu Feb 01 2024 13:16:34 GMT+0530, IP: ::1, User Agent: PostmanRuntime/7.36.1
Request Body:
{
	"first_name": "john",
	"last_name": "doe",
	"email": "john.doe@example.com",
	"confirm_password": "123456",
	"password": "123456"
}
Response Body:
{
	"success": false,
	"status": 404,
	"msg": "Oops, there was a hiccup.",
	"epoch": 1706773594,
	"data": null
}
Response: 200 1.540 ms 

Request: POST /version1/user/userregistration at Thu Feb 01 2024 13:16:34 GMT+0530, IP: ::1, User Agent: PostmanRuntime/7.36.1
Request Body:
{
	"first_name": "john",
	"last_name": "doe",
	"email": "john.doe@example.com",
	"confirm_password": "123456",
	"password": "123456"
}
Response Body:
{
	"success": false,
	"status": 404,
	"msg": "Oops, there was a hiccup.",
	"epoch": 1706773594,
	"data": null
}
Response: 200 1.173 ms 

Request: POST /version1/user/userregistration at Thu Feb 01 2024 13:16:34 GMT+0530, IP: ::1, User Agent: PostmanRuntime/7.36.1
Request Body:
{
	"first_name": "john",
	"last_name": "doe",
	"email": "john.doe@example.com",
	"confirm_password": "123456",
	"password": "123456"
}
Response Body:
{
	"success": false,
	"status": 404,
	"msg": "Oops, there was a hiccup.",
	"epoch": 1706773594,
	"data": null
}
Response: 200 1.260 ms 

Request: POST /version1/user/userregistration at Thu Feb 01 2024 13:16:35 GMT+0530, IP: ::1, User Agent: PostmanRuntime/7.36.1
Request Body:
{
	"first_name": "john",
	"last_name": "doe",
	"email": "john.doe@example.com",
	"confirm_password": "123456",
	"password": "123456"
}
Response Body:
{
	"success": false,
	"status": 404,
	"msg": "Oops, there was a hiccup.",
	"epoch": 1706773595,
	"data": null
}
Response: 200 1.260 ms 

Request: POST /version1/user/userregistration at Thu Feb 01 2024 13:17:21 GMT+0530, IP: ::1, User Agent: PostmanRuntime/7.36.1
Request Body:
{
	"first_name": "john",
	"last_name": "doe",
	"email": "john.doe@example.com",
	"confirm_password": "123456",
	"password": "123456"
}
Response Body:
{
	"success": false,
	"status": 404,
	"msg": "Oops, there was a hiccup.",
	"epoch": 1706773641,
	"data": null
}
Response: 200 11.588 ms 

Request: POST /version1/user/userregistration at Thu Feb 01 2024 13:17:22 GMT+0530, IP: ::1, User Agent: PostmanRuntime/7.36.1
Request Body:
{
	"first_name": "john",
	"last_name": "doe",
	"email": "john.doe@example.com",
	"confirm_password": "123456",
	"password": "123456"
}
Response Body:
{
	"success": false,
	"status": 404,
	"msg": "Oops, there was a hiccup.",
	"epoch": 1706773642,
	"data": null
}
Response: 200 2.636 ms 

Request: POST /version1/user/userregistration at Thu Feb 01 2024 13:18:15 GMT+0530, IP: ::1, User Agent: PostmanRuntime/7.36.1
Request Body:
{
	"first_name": "john",
	"last_name": "doe",
	"email": "john.doe@example.com",
	"confirm_password": "123456",
	"password": "123456"
}
Response Body:
{
	"success": false,
	"status": 404,
	"msg": "Oops, there was a hiccup.",
	"epoch": 1706773695,
	"data": null
}
Response: 200 12.235 ms 

Request: POST /version1/user/userregistration at Thu Feb 01 2024 13:22:16 GMT+0530, IP: ::1, User Agent: PostmanRuntime/7.36.1
Request Body:
{
	"first_name": "john",
	"last_name": "doe",
	"email": "john.doe@example.com",
	"confirm_password": "123456",
	"password": "123456"
}
Response: - - ms 

Request: POST /version1/user/userregistration at Thu Feb 01 2024 13:22:17 GMT+0530, IP: ::1, User Agent: PostmanRuntime/7.36.1
Request Body:
{
	"first_name": "john",
	"last_name": "doe",
	"email": "john.doe@example.com",
	"confirm_password": "123456",
	"password": "123456"
}
Response: - - ms 

Request: POST /version1/user/userregistration at Thu Feb 01 2024 13:22:21 GMT+0530, IP: ::1, User Agent: PostmanRuntime/7.36.1
Request Body:
{
	"first_name": "john",
	"last_name": "doe",
	"email": "john.doe@example.com",
	"confirm_password": "123456",
	"password": "123456"
}
Response: - - ms 

Request: POST /version1/user/userregistration at Thu Feb 01 2024 13:22:22 GMT+0530, IP: ::1, User Agent: PostmanRuntime/7.36.1
Request Body:
{
	"first_name": "john",
	"last_name": "doe",
	"email": "john.doe@example.com",
	"confirm_password": "123456",
	"password": "123456"
}
Response: - - ms 

Request: POST /version1/user/userregistration at Thu Feb 01 2024 13:22:23 GMT+0530, IP: ::1, User Agent: PostmanRuntime/7.36.1
Request Body:
{
	"first_name": "john",
	"last_name": "doe",
	"email": "john.doe@example.com",
	"confirm_password": "123456",
	"password": "123456"
}
Response: - - ms 

Request: POST /version1/user/userregistration at Thu Feb 01 2024 13:22:24 GMT+0530, IP: ::1, User Agent: PostmanRuntime/7.36.1
Request Body:
{
	"first_name": "john",
	"last_name": "doe",
	"email": "john.doe@example.com",
	"confirm_password": "123456",
	"password": "123456"
}
Response: - - ms 

Request: POST /version1/user/userregistration at Thu Feb 01 2024 13:22:24 GMT+0530, IP: ::1, User Agent: PostmanRuntime/7.36.1
Request Body:
{
	"first_name": "john",
	"last_name": "doe",
	"email": "john.doe@example.com",
	"confirm_password": "123456",
	"password": "123456"
}
Response: - - ms 

Request: POST /version1/user/userregistration at Thu Feb 01 2024 13:23:14 GMT+0530, IP: ::1, User Agent: PostmanRuntime/7.36.1
Request Body:
{
	"first_name": "john",
	"last_name": "doe",
	"email": "john.doe@example.com",
	"confirm_password": "123456",
	"password": "123456"
}
Response: - - ms 

Request: POST /version1/user/userregistration at Thu Feb 01 2024 13:23:39 GMT+0530, IP: ::1, User Agent: PostmanRuntime/7.36.1
Request Body:
{
	"first_name": "john",
	"last_name": "doe",
	"email": "john.doe@example.com",
	"confirm_password": "123456",
	"password": "123456"
}
Response: - - ms 

Request: POST /version1/user/userregistration at Thu Feb 01 2024 13:25:20 GMT+0530, IP: ::1, User Agent: PostmanRuntime/7.36.1
Request Body:
{
	"first_name": "john",
	"last_name": "doe",
	"email": "john.doe@example.com",
	"confirm_password": "123456",
	"password": "123456"
}
Response: - - ms 

Request: POST /version1/user/userregistration at Thu Feb 01 2024 13:25:22 GMT+0530, IP: ::1, User Agent: PostmanRuntime/7.36.1
Request Body:
{
	"first_name": "john",
	"last_name": "doe",
	"email": "john.doe@example.com",
	"confirm_password": "123456",
	"password": "123456"
}
Response: - - ms 

Request: POST /version1/user/userregistration at Thu Feb 01 2024 13:28:11 GMT+0530, IP: ::1, User Agent: PostmanRuntime/7.36.1
Request Body:
{
	"first_name": "john",
	"last_name": "doe",
	"email": "john.doe@example.com",
	"confirm_password": "123456",
	"password": "123456"
}
Response Body:
{
	"success": false,
	"status": 208,
	"msg": "Email already registered.",
	"epoch": 1706774291,
	"data": null
}
Response: 200 224.340 ms 

Request: POST /version1/user/userregistration at Thu Feb 01 2024 13:28:31 GMT+0530, IP: ::1, User Agent: PostmanRuntime/7.36.1
Request Body:
{
	"first_name": "joshep",
	"last_name": "doe",
	"email": "joshep.doe@example.in",
	"confirm_password": "123456",
	"password": "8d969eef6ecad3c29a3a629280e686cf0c3f5d5a86aff3ca12020c923adc6c92"
}
Response Body:
{
	"success": false,
	"status": 400,
	"msg": "Unable to register.Try again",
	"epoch": 1706774311,
	"data": null
}
Response: 200 430.035 ms 

Request: POST /version1/user/userregistration at Thu Feb 01 2024 13:29:06 GMT+0530, IP: ::1, User Agent: PostmanRuntime/7.36.1
Request Body:
{
	"first_name": "joshep",
	"last_name": "doe",
	"email": "joshep.doe@example.in",
	"confirm_password": "123456",
	"password": "123456"
}
Response Body:
{
	"success": false,
	"status": 208,
	"msg": "Email already registered.",
	"epoch": 1706774346,
	"data": null
}
Response: 200 269.980 ms 

Request: POST /version1/user/userregistration at Thu Feb 01 2024 13:30:29 GMT+0530, IP: ::1, User Agent: PostmanRuntime/7.36.1
Request Body:
{
	"first_name": "danie",
	"last_name": "saun",
	"email": "danie@example.in",
	"confirm_password": "123456",
	"password": "8d969eef6ecad3c29a3a629280e686cf0c3f5d5a86aff3ca12020c923adc6c92"
}
Response Body:
{
	"success": false,
	"status": 400,
	"msg": "Unable to register.Try again",
	"epoch": 1706774429,
	"data": null
}
Response: 200 516.574 ms 

Request: POST /version1/user/apploginwithemail at Thu Feb 01 2024 13:39:13 GMT+0530, IP: ::1, User Agent: PostmanRuntime/7.36.1
Request Body:
{
	"email": "dassy.doe@example.in",
	"password": "123456"
}
Response Body:
{
	"success": false,
	"status": 406,
	"msg": "Please registered before login",
	"epoch": 1706774953,
	"data": null
}
Response: 200 253.141 ms 

Request: POST /version1/user/apploginwithemail at Thu Feb 01 2024 13:39:30 GMT+0530, IP: ::1, User Agent: PostmanRuntime/7.36.1
Request Body:
{
	"email": "danie@example.in",
	"password": "123456"
}
Response Body:
{
	"success": true,
	"status": 202,
	"msg": "Login Successful",
	"epoch": 1706774970,
	"data": {
		"id": 4,
		"email": "danie@example.in",
		"authToken": "eyJhbGciOiJIUzI1NiIsInR5cCI6IkpXVCJ9.eyJlbWFpbCI6ImRhbmllQGV4YW1wbGUuaW4iLCJpZCI6NCwiand0SWQiOiIzOTUxMjcwMC1jMGQ5LTExZWUtYmIyYS1hZDU3MjUyZDUxZTIiLCJpYXQiOjE3MDY3NzQ5NjksImV4cCI6MTczODMxMDk2OX0.7m6bz-qA-h-NTcE7JAE7cBkF5kzgSedC33lxGTDW3PI"
	}
}
Response: 200 739.109 ms 

Request: POST /version1/user/apploginwithemail at Thu Feb 01 2024 13:41:35 GMT+0530, IP: ::1, User Agent: PostmanRuntime/7.36.1
Request Body:
{
	"email": "danie@example.in",
	"password": "123456"
}
Response Body:
{
	"success": true,
	"status": 202,
	"msg": "Login Successful",
	"epoch": 1706775095,
	"data": {
		"id": 4,
		"email": "danie@example.in",
		"authToken": "eyJhbGciOiJIUzI1NiIsInR5cCI6IkpXVCJ9.eyJlbWFpbCI6ImRhbmllQGV4YW1wbGUuaW4iLCJpZCI6NCwiand0SWQiOiI4NDA2ZDJlMC1jMGQ5LTExZWUtOWFhZS1mM2YwNDlkZjZhMDQiLCJpYXQiOjE3MDY3NzUwOTUsImV4cCI6MTczODMxMTA5NX0.qf_3Eydfan1pFpurN6XfAIlkh8xSltXdOu3vPJts1ts"
	}
}
Response: 200 786.008 ms 

Request: POST /version1/user/contactus at Thu Feb 01 2024 13:41:46 GMT+0530, IP: ::1, User Agent: PostmanRuntime/7.36.1
Request Body:
{
	"email": "sidhu1@gmail.com",
	"name": "_sidhu",
	"subject": "dgsdgdggg",
	"text": "qwertyuioqwertyusdfg f g gb fdeggfh",
	"phone": "15615616516",
	"mobile_type": "android",
	"mobile_detail": "samsung galaxy A5",
	"imageName": "none",
	"videoName": "none"
}
Response Body:
{
	"success": false,
	"status": 404,
	"msg": "Oops, there was a hiccup.",
	"epoch": 1706775106,
	"data": null
}
Response: 200 9.528 ms 

Request: POST /version1/user/contactus at Thu Feb 01 2024 13:43:01 GMT+0530, IP: ::1, User Agent: PostmanRuntime/7.36.1
Request Body:
{
	"email": "sidhu1@gmail.com",
	"name": "_sidhu",
	"subject": "dgsdgdggg",
	"text": "qwertyuioqwertyusdfg f g gb fdeggfh",
	"phone": "15615616516",
	"mobile_type": "android",
	"mobile_detail": "samsung galaxy A5",
	"imageName": "none",
	"videoName": "none"
}
Response Body:
{
	"success": false,
	"status": 404,
	"msg": "Oops, there was a hiccup.",
	"epoch": 1706775181,
	"data": null
}
Response: 200 14.693 ms 

Request: POST /version1/user/contactus at Thu Feb 01 2024 13:43:46 GMT+0530, IP: ::1, User Agent: PostmanRuntime/7.36.1
Request Body:
{
	"email": "sidhu1@gmail.com",
	"name": "_sidhu",
	"subject": "dgsdgdggg",
	"text": "qwertyuioqwertyusdfg f g gb fdeggfh",
	"phone": "15615616516",
	"mobile_type": "android",
	"mobile_detail": "samsung galaxy A5",
	"imageName": "none",
	"videoName": "none"
}
Response Body:
{
	"success": true,
	"status": 200,
	"msg": "We've got your query. We'll reply shortly!",
	"epoch": 1706775226,
	"data": null
}
Response: 200 257.589 ms 

Request: POST /version1/user/contactus at Thu Feb 01 2024 13:45:07 GMT+0530, IP: ::1, User Agent: PostmanRuntime/7.36.1
Request Body:
{
	"email": "sidhu1@gmail.com",
	"name": "_sidhu",
	"subject": "unable to login app",
	"text": "i dont know why but i m unable ot loginyour app help me",
	"phone": "15615616516",
	"mobile_type": "android",
	"mobile_detail": "samsung galaxy A5",
	"imageName": "none",
	"videoName": "none"
}
Response Body:
{
	"success": true,
	"status": 200,
	"msg": "We've got your query. We'll reply shortly!",
	"epoch": 1706775307,
	"data": null
}
Response: 200 241.559 ms 

Request: POST /version1/user/changepassword at Thu Feb 01 2024 13:48:35 GMT+0530, IP: ::1, User Agent: PostmanRuntime/7.36.1
Request Body:
{
	"password": "123456",
	"confirm_password": "123456"
}
Response Body:
{
	"success": true,
	"status": 200,
	"msg": "success",
	"epoch": 1706775515,
	"data": null
}
Response: 200 505.471 ms 

Request: POST /version1/user/changepassword at Thu Feb 01 2024 13:48:54 GMT+0530, IP: ::1, User Agent: PostmanRuntime/7.36.1
Request Body:
{
	"password": "123456",
	"confirm_password": "1234567"
}
Response: - - ms 

Request: POST /version1/user/changepassword at Thu Feb 01 2024 13:50:00 GMT+0530, IP: ::1, User Agent: PostmanRuntime/7.36.1
Request Body:
{
	"password": "123456",
	"confirm_password": "1234567"
}
Response Body:
{
	"success": true,
	"status": 200,
	"msg": "both password should be same",
	"epoch": 1706775600,
	"data": null
}
Response: 200 256.079 ms 

Request: POST /version1/user/changepassword at Thu Feb 01 2024 13:50:14 GMT+0530, IP: ::1, User Agent: PostmanRuntime/7.36.1
Request Body:
{
	"password": "1234567",
	"confirm_password": "1234567"
}
Response Body:
{
	"success": true,
	"status": 200,
	"msg": "success",
	"epoch": 1706775614,
	"data": null
}
Response: 200 432.699 ms 

Request: POST /version1/user/changepassword at Thu Feb 01 2024 13:50:18 GMT+0530, IP: ::1, User Agent: PostmanRuntime/7.36.1
Request Body:
{
	"password": "123456",
	"confirm_password": "123456"
}
Response Body:
{
	"success": true,
	"status": 200,
	"msg": "success",
	"epoch": 1706775618,
	"data": null
}
Response: 200 465.443 ms 

Request: POST /version1/authadmin/adminlogin at Thu Feb 01 2024 13:51:28 GMT+0530, IP: ::1, User Agent: PostmanRuntime/7.36.1
Request Body:
{
	"username": "admin",
	"password": "123456"
}
Response Body:
{
	"success": false,
	"status": 304,
	"msg": "No data found",
	"epoch": 1706775688,
	"data": null
}
Response: 200 230.020 ms 

Request: POST /version1/authadmin/adminlogin at Thu Feb 01 2024 13:52:01 GMT+0530, IP: ::1, User Agent: PostmanRuntime/7.36.1
Request Body:
{
	"username": "admin",
	"password": "123456"
}
Response Body:
{
	"success": false,
	"status": 304,
	"msg": "Username does not match",
	"epoch": 1706775721,
	"data": null
}
Response: 200 397.441 ms 

Request: POST /version1/authadmin/adminlogin at Thu Feb 01 2024 13:54:36 GMT+0530, IP: ::1, User Agent: PostmanRuntime/7.36.1
Request Body:
{
	"username": "admin",
	"password": "123456"
}
Response Body:
{
	"success": false,
	"status": 200,
	"msg": "Login Successfully",
	"epoch": 1706775876,
	"data": {
		"id": 1,
		"username": "admin",
		"authToken": "eyJhbGciOiJIUzI1NiIsInR5cCI6IkpXVCJ9.eyJlbWFpbCI6ImFkbWluIiwiaWQiOjEsInJvbGUiOiJjcGFkbWluIiwiaWF0IjoxNzA2Nzc1ODc2LCJleHAiOjE3MDY4NjIyNzZ9.FPWTxQIXwufwBcfjAQB2cl6qP2UmhO0Q8vOySVT2LTU",
		"role": "1"
	}
}
Response: 200 613.052 ms 

Request: POST /version1/authadmin/adminlogin at Thu Feb 01 2024 13:56:01 GMT+0530, IP: ::1, User Agent: PostmanRuntime/7.36.1
Request Body:
{
	"username": "admin",
	"password": "123456"
}
Response Body:
{
	"success": false,
	"status": 200,
	"msg": "Login Successfully",
	"epoch": 1706775961,
	"data": {
		"id": 1,
		"username": "admin",
		"authToken": "eyJhbGciOiJIUzI1NiIsInR5cCI6IkpXVCJ9.eyJlbWFpbCI6ImFkbWluIiwiaWQiOjEsInJvbGUiOiJjcGFkbWluIiwiaWF0IjoxNzA2Nzc1OTYxLCJleHAiOjE3MDY4NjIzNjF9.rDnQ4BRkkIZRO_reJVV6fuDualol6ETyf5wAuzG4JGQ",
		"role": "1"
	}
}
Response: 200 464.385 ms 

Request: GET /version1/authadmin/getallusers at Thu Feb 01 2024 13:56:48 GMT+0530, IP: ::1, User Agent: PostmanRuntime/7.36.1
Response Body:
{
	"success": true,
	"status": 200,
	"msg": "Success",
	"epoch": 1706776008,
	"data": [
		{
			"id": 4,
			"first_name": "danie",
			"last_name": "saun",
			"bio": null,
			"email": "danie@example.in",
			"password": "8d969eef6ecad3c29a3a629280e686cf0c3f5d5a86aff3ca12020c923adc6c92",
			"profile_pic": "defaultProfile.png",
			"jwt_id": "8406d2e0-c0d9-11ee-9aae-f3f049df6a04",
			"created_at": "2024-02-01T02:30:29.691Z"
		},
		{
			"id": 3,
			"first_name": "joshep",
			"last_name": "doe",
			"bio": null,
			"email": "joshep.doe@example.in",
			"password": "8d969eef6ecad3c29a3a629280e686cf0c3f5d5a86aff3ca12020c923adc6c92",
			"profile_pic": "defaultProfile.png",
			"jwt_id": null,
			"created_at": "2024-02-01T02:28:31.924Z"
		},
		{
			"id": 2,
			"first_name": "Jane",
			"last_name": "Smith",
			"bio": "Sed do eiusmod tempor incididunt ut labore et dolore magna aliqua.",
			"email": "jane.smith@example.com",
			"password": "securepass456",
			"profile_pic": "profile2.jpg",
			"jwt_id": 
...
Response: 200 228.296 ms 

Request: GET /version1/authadmin/getloginactivities at Thu Feb 01 2024 13:56:57 GMT+0530, IP: ::1, User Agent: PostmanRuntime/7.36.1
Response Body:
{
	"success": true,
	"status": 200,
	"msg": "Success",
	"epoch": 1706776017,
	"data": [
		{
			"id": 3,
			"activity_type": "Admin Login",
			"user_id": 1,
			"ip": "::1",
			"created_at": "2024-02-01T02:56:01.842Z"
		},
		{
			"id": 2,
			"activity_type": "Login",
			"user_id": 4,
			"ip": "::1",
			"created_at": "2024-02-01T02:41:35.310Z"
		},
		{
			"id": 1,
			"activity_type": "Login",
			"user_id": 4,
			"ip": "::1",
			"created_at": "2024-02-01T02:39:29.970Z"
		}
	]
}
Response: 200 222.868 ms 

Request: GET /version1/user/getuserprofile at Thu Feb 01 2024 15:26:19 GMT+0530, IP: ::1, User Agent: PostmanRuntime/7.36.1
Response Body:
{
	"success": false,
	"status": 200,
	"msg": "Unable to fetch data",
	"epoch": 1706781379,
	"data": null
}
Response: 200 440.480 ms 

Request: GET /version1/user/getuserprofile at Thu Feb 01 2024 15:26:28 GMT+0530, IP: ::1, User Agent: PostmanRuntime/7.36.1
Response Body:
{
	"success": false,
	"status": 200,
	"msg": "Unable to fetch data",
	"epoch": 1706781388,
	"data": null
}
Response: 200 444.060 ms 

Request: GET /version1/user/getuserprofile at Thu Feb 01 2024 15:26:32 GMT+0530, IP: ::1, User Agent: PostmanRuntime/7.36.1
Response Body:
{
	"success": false,
	"status": 200,
	"msg": "Unable to fetch data",
	"epoch": 1706781392,
	"data": null
}
Response: 200 473.567 ms 

Request: GET /version1/user/getuserprofile at Thu Feb 01 2024 15:26:44 GMT+0530, IP: ::1, User Agent: PostmanRuntime/7.36.1
Response Body:
{
	"success": false,
	"status": 200,
	"msg": "Unable to fetch data",
	"epoch": 1706781404,
	"data": null
}
Response: 200 503.167 ms 

Request: POST /version1/user/loginwithemail at Thu Feb 01 2024 15:27:00 GMT+0530, IP: ::1, User Agent: PostmanRuntime/7.36.1
Request Body:
{
	"email": "danie@example.in",
	"password": "123456"
}
Response Body:
{
	"success": true,
	"status": 202,
	"msg": "Login Successful",
	"epoch": 1706781420,
	"data": {
		"id": 4,
		"email": "danie@example.in",
		"authToken": "eyJhbGciOiJIUzI1NiIsInR5cCI6IkpXVCJ9.eyJlbWFpbCI6ImRhbmllQGV4YW1wbGUuaW4iLCJpZCI6NCwiand0SWQiOiIzZTNhYTM0MC1jMGU4LTExZWUtYjM3MS02OTEzZjI4YmQwZjciLCJpYXQiOjE3MDY3ODE0MjAsImV4cCI6MTczODMxNzQyMH0.F2BfxHsw8xhPcoZ0GS0LmpwpNU-4f47Lmi6zGU-nFWg"
	}
}
Response: 200 755.960 ms 

Request: GET /version1/user/getuserprofile at Thu Feb 01 2024 15:27:04 GMT+0530, IP: ::1, User Agent: PostmanRuntime/7.36.1
Response Body:
{
	"success": false,
	"status": 200,
	"msg": "Unable to fetch data",
	"epoch": 1706781424,
	"data": null
}
Response: 200 495.812 ms 

Request: GET /version1/user/getuserprofile at Thu Feb 01 2024 15:27:14 GMT+0530, IP: ::1, User Agent: PostmanRuntime/7.36.1
Response Body:
{
	"success": true,
	"status": 200,
	"msg": "Success",
	"epoch": 1706781434,
	"data": {
		"id": 4,
		"first_name": "danie",
		"last_name": "saun",
		"bio": null,
		"email": "danie@example.in",
		"password": "8d969eef6ecad3c29a3a629280e686cf0c3f5d5a86aff3ca12020c923adc6c92",
		"profile_pic": "https://www.espsofttechnologies.com/media/defaultProfile.png",
		"jwt_id": "3e3aa340-c0e8-11ee-b371-6913f28bd0f7",
		"created_at": "2024-02-01T02:30:29.691Z"
	}
}
Response: 200 478.810 ms 

Request: GET /version1/user/getuserprofile at Thu Feb 01 2024 15:27:26 GMT+0530, IP: ::1, User Agent: PostmanRuntime/7.36.1
Response Body:
{
	"success": true,
	"status": 200,
	"msg": "Success",
	"epoch": 1706781446,
	"data": {
		"id": 4,
		"first_name": "danie",
		"last_name": "saun",
		"bio": null,
		"email": "danie@example.in",
		"password": "8d969eef6ecad3c29a3a629280e686cf0c3f5d5a86aff3ca12020c923adc6c92",
		"profile_pic": "https://www.espsofttechnologies.com/media/defaultProfile.png",
		"jwt_id": "3e3aa340-c0e8-11ee-b371-6913f28bd0f7",
		"created_at": "2024-02-01T02:30:29.691Z"
	}
}
Response: 200 459.004 ms 

Request: GET /version1/user/getuserprofile at Thu Feb 01 2024 15:28:49 GMT+0530, IP: ::1, User Agent: PostmanRuntime/7.36.1
Response Body:
{
	"success": true,
	"status": 200,
	"msg": "Success",
	"epoch": 1706781529,
	"data": {
		"id": 4,
		"first_name": "danie",
		"last_name": "saun",
		"bio": null,
		"email": "danie@example.in",
		"password": "8d969eef6ecad3c29a3a629280e686cf0c3f5d5a86aff3ca12020c923adc6c92",
		"profile_pic": "https://www.espsofttechnologies.com/media/defaultProfile.png",
		"jwt_id": "3e3aa340-c0e8-11ee-b371-6913f28bd0f7",
		"created_at": "2024-02-01T02:30:29.691Z"
	}
}
Response: 200 506.277 ms 

Request: GET /version1/user/getuserprofile at Thu Feb 01 2024 15:29:51 GMT+0530, IP: ::1, User Agent: PostmanRuntime/7.36.1
Response Body:
{
	"success": true,
	"status": 200,
	"msg": "Success",
	"epoch": 1706781591,
	"data": {
		"id": 4,
		"first_name": "danie",
		"last_name": "saun",
		"bio": null,
		"email": "danie@example.in",
		"password": "8d969eef6ecad3c29a3a629280e686cf0c3f5d5a86aff3ca12020c923adc6c92",
		"profile_pic": "/home/esp/abhimanyu/practice/30jan setup/setup/uploads/contactUs/defaultProfile.png",
		"jwt_id": "3e3aa340-c0e8-11ee-b371-6913f28bd0f7",
		"created_at": "2024-02-01T02:30:29.691Z"
	}
}
Response: 200 574.079 ms 

Request: GET /version1/user/getuserprofile at Thu Feb 01 2024 15:30:09 GMT+0530, IP: ::1, User Agent: PostmanRuntime/7.36.1
Response Body:
{
	"success": true,
	"status": 200,
	"msg": "Success",
	"epoch": 1706781609,
	"data": {
		"id": 4,
		"first_name": "danie",
		"last_name": "saun",
		"bio": null,
		"email": "danie@example.in",
		"password": "8d969eef6ecad3c29a3a629280e686cf0c3f5d5a86aff3ca12020c923adc6c92",
		"profile_pic": "/home/esp/abhimanyu/practice/30jan setup/setup/uploads/contactUs/defaultProfile.png",
		"jwt_id": "3e3aa340-c0e8-11ee-b371-6913f28bd0f7",
		"created_at": "2024-02-01T02:30:29.691Z"
	}
}
Response: 200 432.113 ms 

Request: GET /version1/user/getuserprofile at Thu Feb 01 2024 15:30:25 GMT+0530, IP: ::1, User Agent: PostmanRuntime/7.36.1
Response Body:
{
	"success": true,
	"status": 200,
	"msg": "Success",
	"epoch": 1706781625,
	"data": {
		"id": 4,
		"first_name": "danie",
		"last_name": "saun",
		"bio": null,
		"email": "danie@example.in",
		"password": "8d969eef6ecad3c29a3a629280e686cf0c3f5d5a86aff3ca12020c923adc6c92",
		"profile_pic": "/home/esp/abhimanyu/practice/30jan setup/setup/uploads/contactUs/defaultProfile.png",
		"jwt_id": "3e3aa340-c0e8-11ee-b371-6913f28bd0f7",
		"created_at": "2024-02-01T02:30:29.691Z"
	}
}
Response: 200 431.145 ms 

Request: GET /version1/user/getuserprofile at Thu Feb 01 2024 15:30:37 GMT+0530, IP: ::1, User Agent: PostmanRuntime/7.36.1
Response Body:
{
	"success": true,
	"status": 200,
	"msg": "Success",
	"epoch": 1706781637,
	"data": {
		"id": 4,
		"first_name": "danie",
		"last_name": "saun",
		"bio": null,
		"email": "danie@example.in",
		"password": "8d969eef6ecad3c29a3a629280e686cf0c3f5d5a86aff3ca12020c923adc6c92",
		"profile_pic": "/home/esp/abhimanyu/practice/30jan_setup/setup/uploads/contactUs/defaultProfile.png",
		"jwt_id": "3e3aa340-c0e8-11ee-b371-6913f28bd0f7",
		"created_at": "2024-02-01T02:30:29.691Z"
	}
}
Response: 200 461.627 ms 

Request: GET /home/esp/abhimanyu/practice/30jan_setup/setup/uploads/contactUs/defaultProfile.png at Thu Feb 01 2024 15:30:47 GMT+0530, IP: ::1, User Agent: Mozilla/5.0 (X11; Linux x86_64) AppleWebKit/537.36 (KHTML, like Gecko) Chrome/121.0.0.0 Safari/537.36
Response: 404 1.390 ms 

Request: GET /version1/user/getuserprofile at Thu Feb 01 2024 15:31:30 GMT+0530, IP: ::1, User Agent: PostmanRuntime/7.36.1
Response Body:
{
	"success": true,
	"status": 200,
	"msg": "Success",
	"epoch": 1706781690,
	"data": {
		"id": 4,
		"first_name": "danie",
		"last_name": "saun",
		"bio": null,
		"email": "danie@example.in",
		"password": "8d969eef6ecad3c29a3a629280e686cf0c3f5d5a86aff3ca12020c923adc6c92",
		"profile_pic": "/home/esp/abhimanyu/practice/30jan_setup/setup/uploads/contactUs/defaultProfile.png",
		"jwt_id": "3e3aa340-c0e8-11ee-b371-6913f28bd0f7",
		"created_at": "2024-02-01T02:30:29.691Z"
	}
}
Response: 200 447.419 ms 

Request: GET /home/esp/abhimanyu/practice/30jan_setup/setup/uploads/contactUs/defaultProfile.png at Thu Feb 01 2024 15:31:34 GMT+0530, IP: ::1, User Agent: Mozilla/5.0 (X11; Linux x86_64) AppleWebKit/537.36 (KHTML, like Gecko) Chrome/121.0.0.0 Safari/537.36
Response: 404 1.395 ms 

Request: GET /home/esp/abhimanyu/practice/30jan_setup/setup/uploads/contactUs/defaultProfile.png at Thu Feb 01 2024 15:31:44 GMT+0530, IP: ::1, User Agent: Mozilla/5.0 (X11; Linux x86_64) AppleWebKit/537.36 (KHTML, like Gecko) Chrome/121.0.0.0 Safari/537.36
Response: 404 0.532 ms 

Request: GET /version1/authadmin/getloginactivities at Thu Feb 01 2024 15:33:58 GMT+0530, IP: ::1, User Agent: PostmanRuntime/7.36.1
Response Body:
{
	"success": true,
	"status": 200,
	"msg": "Success",
	"epoch": 1706781838,
	"data": [
		{
			"id": 4,
			"activity_type": "Login",
			"user_id": 4,
			"ip": "::1",
			"created_at": "2024-02-01T04:27:00.661Z"
		},
		{
			"id": 3,
			"activity_type": "Admin Login",
			"user_id": 1,
			"ip": "::1",
			"created_at": "2024-02-01T02:56:01.842Z"
		},
		{
			"id": 2,
			"activity_type": "Login",
			"user_id": 4,
			"ip": "::1",
			"created_at": "2024-02-01T02:41:35.310Z"
		},
		{
			"id": 1,
			"activity_type": "Login",
			"user_id": 4,
			"ip": "::1",
			"created_at": "2024-02-01T02:39:29.970Z"
		}
	]
}
Response: 200 245.909 ms 

Request: GET /version1/authadmin/getallusers at Thu Feb 01 2024 15:34:01 GMT+0530, IP: ::1, User Agent: PostmanRuntime/7.36.1
Response Body:
{
	"success": true,
	"status": 200,
	"msg": "Success",
	"epoch": 1706781841,
	"data": [
		{
			"id": 4,
			"first_name": "danie",
			"last_name": "saun",
			"bio": null,
			"email": "danie@example.in",
			"password": "8d969eef6ecad3c29a3a629280e686cf0c3f5d5a86aff3ca12020c923adc6c92",
			"profile_pic": "defaultProfile.png",
			"jwt_id": "3e3aa340-c0e8-11ee-b371-6913f28bd0f7",
			"created_at": "2024-02-01T02:30:29.691Z"
		},
		{
			"id": 3,
			"first_name": "joshep",
			"last_name": "doe",
			"bio": null,
			"email": "joshep.doe@example.in",
			"password": "8d969eef6ecad3c29a3a629280e686cf0c3f5d5a86aff3ca12020c923adc6c92",
			"profile_pic": "defaultProfile.png",
			"jwt_id": null,
			"created_at": "2024-02-01T02:28:31.924Z"
		},
		{
			"id": 2,
			"first_name": "Jane",
			"last_name": "Smith",
			"bio": "Sed do eiusmod tempor incididunt ut labore et dolore magna aliqua.",
			"email": "jane.smith@example.com",
			"password": "securepass456",
			"profile_pic": "profile2.jpg",
			"jwt_id": 
...
Response: 200 238.876 ms 

Request: GET /version1/user/stopapplicationflag at Thu Feb 01 2024 15:34:04 GMT+0530, IP: ::1, User Agent: PostmanRuntime/7.36.1
Response Body:
{
	"success": false,
	"status": 204,
	"msg": "Application is stop by admin",
	"epoch": 1706781844,
	"data": null
}
Response: 200 0.655 ms 

Request: POST /version1/user/loginwithemail at Thu Feb 01 2024 15:57:05 GMT+0530, IP: ::1, User Agent: PostmanRuntime/7.36.1
Request Body:
{
	"email": "danie@example.in",
	"password": "123456"
}
Response Body:
{
	"success": true,
	"status": 202,
	"msg": "Login Successful",
	"epoch": 1706783225,
	"data": {
		"id": 4,
		"email": "danie@example.in",
		"authToken": "eyJhbGciOiJIUzI1NiIsInR5cCI6IkpXVCJ9.eyJlbWFpbCI6ImRhbmllQGV4YW1wbGUuaW4iLCJpZCI6NCwiand0SWQiOiI3MWZlNzM2MC1jMGVjLTExZWUtYTVjMS1jN2Y2ZGVkNDRhZWQiLCJpYXQiOjE3MDY3ODMyMjUsImV4cCI6MTczODMxOTIyNX0.D25axjxHJuegpm-ESXkxyjN8T01FGusYvrfrx1m5ojs"
	}
}
Response: 200 728.375 ms 

Request: POST /version1/user/loginwithemail at Thu Feb 01 2024 15:57:11 GMT+0530, IP: ::1, User Agent: PostmanRuntime/7.36.1
Request Body:
{
	"email": "danie@example.in",
	"password": 0
}
Response Body:
[
	{
		"code": "invalid_type",
		"expected": "string",
		"received": "number",
		"path": [
			"body",
			"password"
		],
		"message": "Expected string, received number"
	}
]
Response: 400 1.824 ms 

Request: POST /version1/user/loginwithemail at Thu Feb 01 2024 15:59:58 GMT+0530, IP: ::1, User Agent: PostmanRuntime/7.36.1
Response Body:
[
	{
		"code": "invalid_type",
		"expected": "string",
		"received": "undefined",
		"path": [
			"body",
			"email"
		],
		"message": "Required"
	},
	{
		"code": "invalid_type",
		"expected": "string",
		"received": "undefined",
		"path": [
			"body",
			"password"
		],
		"message": "Required"
	}
]
Response: 400 5.286 ms 

Request: POST /version1/user/loginwithemail at Thu Feb 01 2024 16:03:29 GMT+0530, IP: ::1, User Agent: PostmanRuntime/7.36.1
Request Body:
{
	"email": "danie@example.in",
	"password": "123456"
}
Response Body:
{
	"success": true,
	"status": 202,
	"msg": "Login Successful",
	"epoch": 1706783609,
	"data": {
		"id": 4,
		"email": "danie@example.in",
		"authToken": "eyJhbGciOiJIUzI1NiIsInR5cCI6IkpXVCJ9.eyJlbWFpbCI6ImRhbmllQGV4YW1wbGUuaW4iLCJpZCI6NCwiand0SWQiOiI1Njg4Mjg1MC1jMGVkLTExZWUtYTE0NC01MTcxM2U5OWVkOGYiLCJpYXQiOjE3MDY3ODM2MDgsImV4cCI6MTczODMxOTYwOH0.uSdzn9z7dXR045KqTmTuYs2Z-euyllEvr_tikqlR-Eg"
	}
}
Response: 200 684.168 ms 

Request: POST /version1/user/loginwithemail at Thu Feb 01 2024 16:03:43 GMT+0530, IP: ::1, User Agent: PostmanRuntime/7.36.1
Request Body:
{
	"email": "danie@example.in",
	"password": "123456kkkkkkkkkkkkkkkkkkkkkkk"
}
Response Body:
[
	{
		"code": "too_big",
		"maximum": 10,
		"type": "string",
		"inclusive": true,
		"exact": false,
		"message": "String must contain at most 10 character(s)",
		"path": [
			"body",
			"password"
		]
	}
]
Response: 400 4.897 ms 

Request: POST /version1/user/loginwithemail at Thu Feb 01 2024 17:12:48 GMT+0530, IP: ::1, User Agent: PostmanRuntime/7.36.1
Request Body:
{
	"email": "danie@example.in",
	"password": "123456111111111111"
}
Response Body:
[
	{
		"code": "too_big",
		"maximum": 10,
		"type": "string",
		"inclusive": true,
		"exact": false,
		"message": "String must contain at most 10 character(s)",
		"path": [
			"body",
			"password"
		]
	}
]
Response: 400 5.332 ms 

Request: POST /version1/user/contactus at Thu Feb 01 2024 17:16:32 GMT+0530, IP: ::1, User Agent: PostmanRuntime/7.36.1
Request Body:
{
	"email": "sidhu1@gmail.com",
	"name": "_sidhu",
	"subject": "unable to login app",
	"text": "i dont know why but i m unable ot loginyour app help me",
	"phone": "15615616516",
	"mobile_type": "android",
	"mobile_detail": "samsung galaxy A5",
	"imageName": "none",
	"videoName": "none"
}
Response Body:
{
	"success": true,
	"status": 200,
	"msg": "We've got your query. We'll reply shortly!",
	"epoch": 1706787992,
	"data": null
}
Response: 200 231.205 ms 

Request: POST /version1/user/contactus at Thu Feb 01 2024 17:16:50 GMT+0530, IP: ::1, User Agent: PostmanRuntime/7.36.1
Response Body:
[
	{
		"code": "invalid_type",
		"expected": "string",
		"received": "undefined",
		"path": [
			"body",
			"name"
		],
		"message": "Required"
	},
	{
		"code": "invalid_type",
		"expected": "string",
		"received": "undefined",
		"path": [
			"body",
			"email"
		],
		"message": "Required"
	},
	{
		"code": "invalid_type",
		"expected": "string",
		"received": "undefined",
		"path": [
			"body",
			"text"
		],
		"message": "Required"
	},
	{
		"code": "invalid_type",
		"expected": "string",
		"received": "undefined",
		"path": [
			"body",
			"subject"
		],
		"message": "Required"
	}
]
Response: 400 5.152 ms 

Request: GET /version1/user/getuserprofile at Thu Feb 01 2024 17:19:11 GMT+0530, IP: ::1, User Agent: PostmanRuntime/7.36.1
Response Body:
{
	"success": true,
	"status": 200,
	"msg": "Success",
	"epoch": 1706788151,
	"data": {
		"id": 4,
		"first_name": "danie",
		"last_name": "saun",
		"bio": null,
		"email": "danie@example.in",
		"password": "8d969eef6ecad3c29a3a629280e686cf0c3f5d5a86aff3ca12020c923adc6c92",
		"profile_pic": "/home/esp/abhimanyu/practice/30jan_setup/setup/uploads/contactUs/defaultProfile.png",
		"jwt_id": "56882850-c0ed-11ee-a144-51713e99ed8f",
		"created_at": "2024-02-01T02:30:29.691Z"
	}
}
Response: 200 449.285 ms 

Request: POST /version1/user/loginwithemail at Thu Feb 01 2024 18:16:55 GMT+0530, IP: ::1, User Agent: PostmanRuntime/7.36.1
Request Body:
{
	"email": "danie@example.in",
	"password": "123456"
}
Response Body:
{
	"success": true,
	"status": 202,
	"msg": "Login Successful",
	"epoch": 1706791615,
	"data": {
		"id": 4,
		"email": "danie@example.in",
		"authToken": "eyJhbGciOiJIUzI1NiIsInR5cCI6IkpXVCJ9.eyJlbWFpbCI6ImRhbmllQGV4YW1wbGUuaW4iLCJpZCI6NCwiand0SWQiOiJmYTljZmQ1MC1jMGZmLTExZWUtYmZlNC01NTg5YWIwOWJiMTIiLCJpYXQiOjE3MDY3OTE2MTQsImV4cCI6MTczODMyNzYxNH0.i3bqxs7Ew4x284fu7ZsYMfnCpEJ0mOOK_knQKJEC1RI"
	}
}
Response: 200 688.398 ms 

Request: POST /version1/user/loginwithemail at Thu Feb 01 2024 18:17:42 GMT+0530, IP: ::1, User Agent: PostmanRuntime/7.36.1
Request Body:
{
	"email": "danie@example.in",
	"password": "123456"
}
Response Body:
{
	"success": true,
	"status": 202,
	"msg": "Login Successful",
	"epoch": 1706791662,
	"data": {
		"id": 4,
		"email": "danie@example.in",
		"authToken": "eyJhbGciOiJIUzI1NiIsInR5cCI6IkpXVCJ9.eyJlbWFpbCI6ImRhbmllQGV4YW1wbGUuaW4iLCJpZCI6NCwiand0SWQiOiIxNjZlNmI0MC1jMTAwLTExZWUtODI0YS0yOTM1M2IzMjRjYTEiLCJpYXQiOjE3MDY3OTE2NjEsImV4cCI6MTczODMyNzY2MX0.Mv5fEDaWLVIamBK2AQ5KqOE4FY5YyCM6EuKBtHExiMQ"
	}
}
Response: 200 703.752 ms 

Request: POST /version1/user/changepassword at Thu Feb 01 2024 18:19:42 GMT+0530, IP: ::1, User Agent: PostmanRuntime/7.36.1
Request Body:
{
	"password": "123456",
	"confirm_password": "123456"
}
Response Body:
{
	"success": true,
	"status": 200,
	"msg": "success",
	"epoch": 1706791782,
	"data": null
}
Response: 200 510.423 ms 

Request: POST /version1/user/changepassword at Thu Feb 01 2024 18:19:48 GMT+0530, IP: ::1, User Agent: PostmanRuntime/7.36.1
Request Body:
{
	"password": "123456",
	"confirm_password": 0
}
Response Body:
[
	{
		"code": "invalid_type",
		"expected": "string",
		"received": "number",
		"path": [
			"body",
			"confirm_password"
		],
		"message": "Expected string, received number"
	}
]
Response: 400 250.334 ms 

Request: POST /version1/user/changepassword at Thu Feb 01 2024 18:23:48 GMT+0530, IP: ::1, User Agent: PostmanRuntime/7.36.1
Request Body:
{
	"password": "123456",
	"confirm_password": "123456"
}
Response Body:
{
	"success": true,
	"status": 200,
	"msg": "success",
	"epoch": 1706792028,
	"data": null
}
Response: 200 488.684 ms 
